2024-04-16 15:35:07 DEBUG InternalLoggerFactory:49 - Using Log4J2 as the default logging framework
2024-04-16 15:35:07 DEBUG ResourceLeakDetector:130 - -Dio.netty.leakDetection.level: simple
2024-04-16 15:35:07 DEBUG ResourceLeakDetector:131 - -Dio.netty.leakDetection.targetRecords: 4
2024-04-16 15:35:07 DEBUG ResourceLeakDetectorFactory:195 - Loaded default ResourceLeakDetector: io.netty.util.ResourceLeakDetector@5631962
2024-04-16 15:35:07 DEBUG PlatformDependent:1003 - Platform: Windows
2024-04-16 15:35:07 DEBUG PlatformDependent0:396 - -Dio.netty.noUnsafe: false
2024-04-16 15:35:07 DEBUG PlatformDependent0:852 - Java version: 15
2024-04-16 15:35:07 DEBUG PlatformDependent0:121 - sun.misc.Unsafe.theUnsafe: available
2024-04-16 15:35:07 DEBUG PlatformDependent0:145 - sun.misc.Unsafe.copyMemory: available
2024-04-16 15:35:07 DEBUG PlatformDependent0:183 - java.nio.Buffer.address: available
2024-04-16 15:35:07 DEBUG PlatformDependent0:253 - direct buffer constructor: unavailable
java.lang.UnsupportedOperationException: Reflective setAccessible(true) disabled
	at io.netty.util.internal.ReflectionUtil.trySetAccessible(ReflectionUtil.java:31) ~[netty-common-4.1.48.Final.jar:4.1.48.Final]
	at io.netty.util.internal.PlatformDependent0$4.run(PlatformDependent0.java:225) ~[netty-common-4.1.48.Final.jar:4.1.48.Final]
	at java.security.AccessController.doPrivileged(AccessController.java:312) ~[?:?]
	at io.netty.util.internal.PlatformDependent0.<clinit>(PlatformDependent0.java:219) ~[netty-common-4.1.48.Final.jar:4.1.48.Final]
	at io.netty.util.internal.PlatformDependent.isAndroid(PlatformDependent.java:289) ~[netty-common-4.1.48.Final.jar:4.1.48.Final]
	at io.netty.util.internal.PlatformDependent.<clinit>(PlatformDependent.java:92) ~[netty-common-4.1.48.Final.jar:4.1.48.Final]
	at io.netty.util.HashedWheelTimer.<init>(HashedWheelTimer.java:109) ~[netty-common-4.1.48.Final.jar:4.1.48.Final]
	at io.netty.util.HashedWheelTimer.<init>(HashedWheelTimer.java:218) ~[netty-common-4.1.48.Final.jar:4.1.48.Final]
	at io.netty.util.HashedWheelTimer.<init>(HashedWheelTimer.java:197) ~[netty-common-4.1.48.Final.jar:4.1.48.Final]
	at org.asynchttpclient.DefaultAsyncHttpClient.newNettyTimer(DefaultAsyncHttpClient.java:114) ~[async-http-client-2.12.0.jar:?]
	at org.asynchttpclient.DefaultAsyncHttpClient.<init>(DefaultAsyncHttpClient.java:89) ~[async-http-client-2.12.0.jar:?]
	at org.asynchttpclient.Dsl.asyncHttpClient(Dsl.java:32) ~[async-http-client-2.12.0.jar:?]
	at org.openqa.selenium.remote.http.netty.NettyClient.createHttpClient(NettyClient.java:91) ~[selenium-remote-driver-4.11.0.jar:?]
	at org.openqa.selenium.remote.http.netty.NettyClient.<clinit>(NettyClient.java:43) ~[selenium-remote-driver-4.11.0.jar:?]
	at org.openqa.selenium.remote.http.netty.NettyClient$Factory.createClient(NettyClient.java:124) ~[selenium-remote-driver-4.11.0.jar:?]
	at org.openqa.selenium.remote.HttpCommandExecutor.<init>(HttpCommandExecutor.java:115) ~[selenium-remote-driver-4.11.0.jar:?]
	at org.openqa.selenium.remote.HttpCommandExecutor.<init>(HttpCommandExecutor.java:92) ~[selenium-remote-driver-4.11.0.jar:?]
	at org.openqa.selenium.remote.service.DriverCommandExecutor.<init>(DriverCommandExecutor.java:89) ~[selenium-remote-driver-4.11.0.jar:?]
	at org.openqa.selenium.chromium.ChromiumDriverCommandExecutor.<init>(ChromiumDriverCommandExecutor.java:43) ~[selenium-chromium-driver-4.11.0.jar:?]
	at org.openqa.selenium.chrome.ChromeDriver$ChromeDriverCommandExecutor.<init>(ChromeDriver.java:115) ~[selenium-chrome-driver-4.11.0.jar:?]
	at org.openqa.selenium.chrome.ChromeDriver.generateExecutor(ChromeDriver.java:105) ~[selenium-chrome-driver-4.11.0.jar:?]
	at org.openqa.selenium.chrome.ChromeDriver.<init>(ChromeDriver.java:88) ~[selenium-chrome-driver-4.11.0.jar:?]
	at org.openqa.selenium.chrome.ChromeDriver.<init>(ChromeDriver.java:83) ~[selenium-chrome-driver-4.11.0.jar:?]
	at org.openqa.selenium.chrome.ChromeDriver.<init>(ChromeDriver.java:72) ~[selenium-chrome-driver-4.11.0.jar:?]
	at Utils.ChromeDriverManager.createDriver(ChromeDriverManager.java:33) ~[test-classes/:?]
	at Utils.WebDriverManager.getDriver(WebDriverManager.java:66) ~[test-classes/:?]
	at TestRun.TestMain.setUp(TestMain.java:55) ~[test-classes/:?]
	at jdk.internal.reflect.NativeMethodAccessorImpl.invoke0(Native Method) ~[?:?]
	at jdk.internal.reflect.NativeMethodAccessorImpl.invoke(NativeMethodAccessorImpl.java:64) ~[?:?]
	at jdk.internal.reflect.DelegatingMethodAccessorImpl.invoke(DelegatingMethodAccessorImpl.java:43) ~[?:?]
	at java.lang.reflect.Method.invoke(Method.java:564) ~[?:?]
	at org.testng.internal.MethodInvocationHelper.invokeMethod(MethodInvocationHelper.java:124) ~[testng-6.14.3.jar:?]
	at org.testng.internal.MethodInvocationHelper.invokeMethodConsideringTimeout(MethodInvocationHelper.java:59) ~[testng-6.14.3.jar:?]
	at org.testng.internal.Invoker.invokeConfigurationMethod(Invoker.java:458) ~[testng-6.14.3.jar:?]
	at org.testng.internal.Invoker.invokeConfigurations(Invoker.java:222) ~[testng-6.14.3.jar:?]
	at org.testng.internal.Invoker.invokeConfigurations(Invoker.java:142) ~[testng-6.14.3.jar:?]
	at org.testng.TestRunner.beforeRun(TestRunner.java:529) ~[testng-6.14.3.jar:?]
	at org.testng.TestRunner.run(TestRunner.java:497) ~[testng-6.14.3.jar:?]
	at org.testng.SuiteRunner.runTest(SuiteRunner.java:455) ~[testng-6.14.3.jar:?]
	at org.testng.SuiteRunner.runSequentially(SuiteRunner.java:450) ~[testng-6.14.3.jar:?]
	at org.testng.SuiteRunner.privateRun(SuiteRunner.java:415) ~[testng-6.14.3.jar:?]
	at org.testng.SuiteRunner.run(SuiteRunner.java:364) ~[testng-6.14.3.jar:?]
	at org.testng.SuiteRunnerWorker.runSuite(SuiteRunnerWorker.java:52) ~[testng-6.14.3.jar:?]
	at org.testng.SuiteRunnerWorker.run(SuiteRunnerWorker.java:84) ~[testng-6.14.3.jar:?]
	at org.testng.TestNG.runSuitesSequentially(TestNG.java:1208) ~[testng-6.14.3.jar:?]
	at org.testng.TestNG.runSuitesLocally(TestNG.java:1137) ~[testng-6.14.3.jar:?]
	at org.testng.TestNG.runSuites(TestNG.java:1049) ~[testng-6.14.3.jar:?]
	at org.testng.TestNG.run(TestNG.java:1017) ~[testng-6.14.3.jar:?]
	at org.testng.remote.AbstractRemoteTestNG.run(AbstractRemoteTestNG.java:115) ~[testng-remote.jar:?]
	at org.testng.remote.RemoteTestNG.initAndRun(RemoteTestNG.java:251) ~[testng-remote.jar:?]
	at org.testng.remote.RemoteTestNG.main(RemoteTestNG.java:77) ~[testng-remote.jar:?]
2024-04-16 15:35:07 DEBUG PlatformDependent0:314 - java.nio.Bits.unaligned: available, true
2024-04-16 15:35:07 DEBUG PlatformDependent0:373 - jdk.internal.misc.Unsafe.allocateUninitializedArray(int): unavailable
java.lang.IllegalAccessException: class io.netty.util.internal.PlatformDependent0$6 cannot access class jdk.internal.misc.Unsafe (in module java.base) because module java.base does not export jdk.internal.misc to unnamed module @4349754
	at jdk.internal.reflect.Reflection.newIllegalAccessException(Reflection.java:385) ~[?:?]
	at java.lang.reflect.AccessibleObject.checkAccess(AccessibleObject.java:693) ~[?:?]
	at java.lang.reflect.Method.invoke(Method.java:556) ~[?:?]
	at io.netty.util.internal.PlatformDependent0$6.run(PlatformDependent0.java:335) ~[netty-common-4.1.48.Final.jar:4.1.48.Final]
	at java.security.AccessController.doPrivileged(AccessController.java:312) ~[?:?]
	at io.netty.util.internal.PlatformDependent0.<clinit>(PlatformDependent0.java:326) ~[netty-common-4.1.48.Final.jar:4.1.48.Final]
	at io.netty.util.internal.PlatformDependent.isAndroid(PlatformDependent.java:289) ~[netty-common-4.1.48.Final.jar:4.1.48.Final]
	at io.netty.util.internal.PlatformDependent.<clinit>(PlatformDependent.java:92) ~[netty-common-4.1.48.Final.jar:4.1.48.Final]
	at io.netty.util.HashedWheelTimer.<init>(HashedWheelTimer.java:109) ~[netty-common-4.1.48.Final.jar:4.1.48.Final]
	at io.netty.util.HashedWheelTimer.<init>(HashedWheelTimer.java:218) ~[netty-common-4.1.48.Final.jar:4.1.48.Final]
	at io.netty.util.HashedWheelTimer.<init>(HashedWheelTimer.java:197) ~[netty-common-4.1.48.Final.jar:4.1.48.Final]
	at org.asynchttpclient.DefaultAsyncHttpClient.newNettyTimer(DefaultAsyncHttpClient.java:114) ~[async-http-client-2.12.0.jar:?]
	at org.asynchttpclient.DefaultAsyncHttpClient.<init>(DefaultAsyncHttpClient.java:89) ~[async-http-client-2.12.0.jar:?]
	at org.asynchttpclient.Dsl.asyncHttpClient(Dsl.java:32) ~[async-http-client-2.12.0.jar:?]
	at org.openqa.selenium.remote.http.netty.NettyClient.createHttpClient(NettyClient.java:91) ~[selenium-remote-driver-4.11.0.jar:?]
	at org.openqa.selenium.remote.http.netty.NettyClient.<clinit>(NettyClient.java:43) ~[selenium-remote-driver-4.11.0.jar:?]
	at org.openqa.selenium.remote.http.netty.NettyClient$Factory.createClient(NettyClient.java:124) ~[selenium-remote-driver-4.11.0.jar:?]
	at org.openqa.selenium.remote.HttpCommandExecutor.<init>(HttpCommandExecutor.java:115) ~[selenium-remote-driver-4.11.0.jar:?]
	at org.openqa.selenium.remote.HttpCommandExecutor.<init>(HttpCommandExecutor.java:92) ~[selenium-remote-driver-4.11.0.jar:?]
	at org.openqa.selenium.remote.service.DriverCommandExecutor.<init>(DriverCommandExecutor.java:89) ~[selenium-remote-driver-4.11.0.jar:?]
	at org.openqa.selenium.chromium.ChromiumDriverCommandExecutor.<init>(ChromiumDriverCommandExecutor.java:43) ~[selenium-chromium-driver-4.11.0.jar:?]
	at org.openqa.selenium.chrome.ChromeDriver$ChromeDriverCommandExecutor.<init>(ChromeDriver.java:115) ~[selenium-chrome-driver-4.11.0.jar:?]
	at org.openqa.selenium.chrome.ChromeDriver.generateExecutor(ChromeDriver.java:105) ~[selenium-chrome-driver-4.11.0.jar:?]
	at org.openqa.selenium.chrome.ChromeDriver.<init>(ChromeDriver.java:88) ~[selenium-chrome-driver-4.11.0.jar:?]
	at org.openqa.selenium.chrome.ChromeDriver.<init>(ChromeDriver.java:83) ~[selenium-chrome-driver-4.11.0.jar:?]
	at org.openqa.selenium.chrome.ChromeDriver.<init>(ChromeDriver.java:72) ~[selenium-chrome-driver-4.11.0.jar:?]
	at Utils.ChromeDriverManager.createDriver(ChromeDriverManager.java:33) ~[test-classes/:?]
	at Utils.WebDriverManager.getDriver(WebDriverManager.java:66) ~[test-classes/:?]
	at TestRun.TestMain.setUp(TestMain.java:55) ~[test-classes/:?]
	at jdk.internal.reflect.NativeMethodAccessorImpl.invoke0(Native Method) ~[?:?]
	at jdk.internal.reflect.NativeMethodAccessorImpl.invoke(NativeMethodAccessorImpl.java:64) ~[?:?]
	at jdk.internal.reflect.DelegatingMethodAccessorImpl.invoke(DelegatingMethodAccessorImpl.java:43) ~[?:?]
	at java.lang.reflect.Method.invoke(Method.java:564) ~[?:?]
	at org.testng.internal.MethodInvocationHelper.invokeMethod(MethodInvocationHelper.java:124) ~[testng-6.14.3.jar:?]
	at org.testng.internal.MethodInvocationHelper.invokeMethodConsideringTimeout(MethodInvocationHelper.java:59) ~[testng-6.14.3.jar:?]
	at org.testng.internal.Invoker.invokeConfigurationMethod(Invoker.java:458) ~[testng-6.14.3.jar:?]
	at org.testng.internal.Invoker.invokeConfigurations(Invoker.java:222) ~[testng-6.14.3.jar:?]
	at org.testng.internal.Invoker.invokeConfigurations(Invoker.java:142) ~[testng-6.14.3.jar:?]
	at org.testng.TestRunner.beforeRun(TestRunner.java:529) ~[testng-6.14.3.jar:?]
	at org.testng.TestRunner.run(TestRunner.java:497) ~[testng-6.14.3.jar:?]
	at org.testng.SuiteRunner.runTest(SuiteRunner.java:455) ~[testng-6.14.3.jar:?]
	at org.testng.SuiteRunner.runSequentially(SuiteRunner.java:450) ~[testng-6.14.3.jar:?]
	at org.testng.SuiteRunner.privateRun(SuiteRunner.java:415) ~[testng-6.14.3.jar:?]
	at org.testng.SuiteRunner.run(SuiteRunner.java:364) ~[testng-6.14.3.jar:?]
	at org.testng.SuiteRunnerWorker.runSuite(SuiteRunnerWorker.java:52) ~[testng-6.14.3.jar:?]
	at org.testng.SuiteRunnerWorker.run(SuiteRunnerWorker.java:84) ~[testng-6.14.3.jar:?]
	at org.testng.TestNG.runSuitesSequentially(TestNG.java:1208) ~[testng-6.14.3.jar:?]
	at org.testng.TestNG.runSuitesLocally(TestNG.java:1137) ~[testng-6.14.3.jar:?]
	at org.testng.TestNG.runSuites(TestNG.java:1049) ~[testng-6.14.3.jar:?]
	at org.testng.TestNG.run(TestNG.java:1017) ~[testng-6.14.3.jar:?]
	at org.testng.remote.AbstractRemoteTestNG.run(AbstractRemoteTestNG.java:115) ~[testng-remote.jar:?]
	at org.testng.remote.RemoteTestNG.initAndRun(RemoteTestNG.java:251) ~[testng-remote.jar:?]
	at org.testng.remote.RemoteTestNG.main(RemoteTestNG.java:77) ~[testng-remote.jar:?]
2024-04-16 15:35:07 DEBUG PlatformDependent0:386 - java.nio.DirectByteBuffer.<init>(long, int): unavailable
2024-04-16 15:35:07 DEBUG PlatformDependent:1046 - sun.misc.Unsafe: available
2024-04-16 15:35:07 DEBUG PlatformDependent:1146 - maxDirectMemory: 4250927104 bytes (maybe)
2024-04-16 15:35:07 DEBUG PlatformDependent:1165 - -Dio.netty.tmpdir: C:\Users\ACER\AppData\Local\Temp (java.io.tmpdir)
2024-04-16 15:35:07 DEBUG PlatformDependent:1244 - -Dio.netty.bitMode: 64 (sun.arch.data.model)
2024-04-16 15:35:07 DEBUG PlatformDependent:177 - -Dio.netty.maxDirectMemory: -1 bytes
2024-04-16 15:35:07 DEBUG PlatformDependent:184 - -Dio.netty.uninitializedArrayAllocationThreshold: -1
2024-04-16 15:35:07 DEBUG CleanerJava9:71 - java.nio.ByteBuffer.cleaner(): available
2024-04-16 15:35:07 DEBUG PlatformDependent:204 - -Dio.netty.noPreferDirect: false
2024-04-16 15:35:07 DEBUG PlatformDependent:907 - org.jctools-core.MpscChunkedArrayQueue: available
2024-04-16 15:35:07 DEBUG InternalThreadLocalMap:56 - -Dio.netty.threadLocalMap.stringBuilder.initialSize: 1024
2024-04-16 15:35:07 DEBUG InternalThreadLocalMap:59 - -Dio.netty.threadLocalMap.stringBuilder.maxSize: 4096
2024-04-16 15:35:07 DEBUG JdkSslContext:96 - Default protocols (JDK): [TLSv1.2, TLSv1.1, TLSv1] 
2024-04-16 15:35:07 DEBUG JdkSslContext:97 - Default cipher suites (JDK): [TLS_ECDHE_ECDSA_WITH_AES_256_GCM_SHA384, TLS_ECDHE_ECDSA_WITH_AES_128_GCM_SHA256, TLS_ECDHE_RSA_WITH_AES_128_GCM_SHA256, TLS_ECDHE_RSA_WITH_AES_256_GCM_SHA384, TLS_ECDHE_RSA_WITH_AES_128_CBC_SHA, TLS_ECDHE_RSA_WITH_AES_256_CBC_SHA, TLS_RSA_WITH_AES_128_GCM_SHA256, TLS_RSA_WITH_AES_128_CBC_SHA, TLS_RSA_WITH_AES_256_CBC_SHA, TLS_AES_128_GCM_SHA256, TLS_AES_256_GCM_SHA384]
2024-04-16 15:35:07 DEBUG MultithreadEventLoopGroup:44 - -Dio.netty.eventLoopThreads: 32
2024-04-16 15:35:07 DEBUG NioEventLoop:106 - -Dio.netty.noKeySetOptimization: false
2024-04-16 15:35:07 DEBUG NioEventLoop:107 - -Dio.netty.selectorAutoRebuildThreshold: 512
2024-04-16 15:35:07 DEBUG PooledByteBufAllocator:156 - -Dio.netty.allocator.numHeapArenas: 32
2024-04-16 15:35:07 DEBUG PooledByteBufAllocator:157 - -Dio.netty.allocator.numDirectArenas: 32
2024-04-16 15:35:07 DEBUG PooledByteBufAllocator:159 - -Dio.netty.allocator.pageSize: 8192
2024-04-16 15:35:07 DEBUG PooledByteBufAllocator:164 - -Dio.netty.allocator.maxOrder: 11
2024-04-16 15:35:07 DEBUG PooledByteBufAllocator:168 - -Dio.netty.allocator.chunkSize: 16777216
2024-04-16 15:35:07 DEBUG PooledByteBufAllocator:169 - -Dio.netty.allocator.tinyCacheSize: 512
2024-04-16 15:35:07 DEBUG PooledByteBufAllocator:170 - -Dio.netty.allocator.smallCacheSize: 256
2024-04-16 15:35:07 DEBUG PooledByteBufAllocator:171 - -Dio.netty.allocator.normalCacheSize: 64
2024-04-16 15:35:07 DEBUG PooledByteBufAllocator:172 - -Dio.netty.allocator.maxCachedBufferCapacity: 32768
2024-04-16 15:35:07 DEBUG PooledByteBufAllocator:173 - -Dio.netty.allocator.cacheTrimInterval: 8192
2024-04-16 15:35:07 DEBUG PooledByteBufAllocator:174 - -Dio.netty.allocator.cacheTrimIntervalMillis: 0
2024-04-16 15:35:07 DEBUG PooledByteBufAllocator:175 - -Dio.netty.allocator.useCacheForAllThreads: true
2024-04-16 15:35:07 DEBUG PooledByteBufAllocator:176 - -Dio.netty.allocator.maxCachedByteBuffersPerChunk: 1023
2024-04-16 15:35:07 DEBUG ByteBufUtil:86 - -Dio.netty.allocator.type: pooled
2024-04-16 15:35:07 DEBUG ByteBufUtil:95 - -Dio.netty.threadLocalDirectBufferSize: 0
2024-04-16 15:35:07 DEBUG ByteBufUtil:98 - -Dio.netty.maxThreadLocalCharBufferSize: 16384
2024-04-16 15:35:07 DEBUG DefaultChannelId:79 - -Dio.netty.processId: 16292 (auto-detected)
2024-04-16 15:35:07 DEBUG NetUtil:139 - -Djava.net.preferIPv4Stack: false
2024-04-16 15:35:07 DEBUG NetUtil:140 - -Djava.net.preferIPv6Addresses: false
2024-04-16 15:35:07 DEBUG NetUtil:224 - Loopback interface: lo (Software Loopback Interface 1, 127.0.0.1)
2024-04-16 15:35:07 DEBUG NetUtil:289 - Failed to get SOMAXCONN from sysctl and file \proc\sys\net\core\somaxconn. Default: 200
2024-04-16 15:35:07 DEBUG DefaultChannelId:101 - -Dio.netty.machineId: 90:cc:df:ff:fe:08:03:36 (auto-detected)
2024-04-16 15:35:08 DEBUG AbstractByteBuf:63 - -Dio.netty.buffer.checkAccessible: true
2024-04-16 15:35:08 DEBUG AbstractByteBuf:64 - -Dio.netty.buffer.checkBounds: true
2024-04-16 15:35:08 DEBUG ResourceLeakDetectorFactory:195 - Loaded default ResourceLeakDetector: io.netty.util.ResourceLeakDetector@364edd8e
2024-04-16 15:35:08 DEBUG Recycler:97 - -Dio.netty.recycler.maxCapacityPerThread: 4096
2024-04-16 15:35:08 DEBUG Recycler:98 - -Dio.netty.recycler.maxSharedCapacityFactor: 2
2024-04-16 15:35:08 DEBUG Recycler:99 - -Dio.netty.recycler.linkCapacity: 16
2024-04-16 15:35:08 DEBUG Recycler:100 - -Dio.netty.recycler.ratio: 8
2024-04-16 15:35:08 DEBUG ThreadLocalRandom:212 - -Dio.netty.initialSeedUniquifier: 0x4d0677ee095561b9
2024-04-16 15:35:14 INFO  UltraLessonHomePageActions:47 - Clicked on the store button to navigate to the store page.
2024-04-16 15:35:14 INFO  StorePageActions:40 - Selecting Ti Skis product
2024-04-16 15:35:15 INFO  SkisPageActions:44 - Adding product to cart
2024-04-16 15:35:17 INFO  SkisPageActions:53 - Viewing cart
2024-04-16 15:35:19 INFO  CartActions:64 - Getting product name from cart
